Change Physical Footprint: Designator=* Old Footprint=EB2 Relay New Footprint=EB2 Relay
Change Physical Footprint: Designator=C1 Old Footprint=RAD-0.3 New Footprint=RAD-0.3
Change Physical Footprint: Designator=C2 Old Footprint=RAD-0.3 New Footprint=RAD-0.3
Change Physical Footprint: Designator=C3 Old Footprint=RAD-0.3 New Footprint=RAD-0.3
Change Physical Footprint: Designator=C4 Old Footprint=RAD-0.3 New Footprint=RAD-0.3
Change Physical Footprint: Designator=C5 Old Footprint=RAD-0.3 New Footprint=RAD-0.3
Change Physical Footprint: Designator=C6 Old Footprint=RAD-0.3 New Footprint=RAD-0.3
Change Physical Footprint: Designator=C7 Old Footprint=RAD-0.3 New Footprint=RAD-0.3
Change Physical Footprint: Designator=C8 Old Footprint=RB7.6-15 New Footprint=RB7.6-15
Change Physical Footprint: Designator=C9 Old Footprint=RAD-0.3 New Footprint=RAD-0.3
Change Physical Footprint: Designator=C10 Old Footprint=RAD-0.3 New Footprint=RAD-0.3
Change Physical Footprint: Designator=C11 Old Footprint=RAD-0.3 New Footprint=RAD-0.3
Change Physical Footprint: Designator=C12 Old Footprint=RB7.6-15 New Footprint=RB7.6-15
Change Physical Footprint: Designator=C? Old Footprint=RAD-0.3 New Footprint=RAD-0.3
Change Physical Footprint: Designator=C? Old Footprint=RAD-0.3 New Footprint=RAD-0.3
Change Physical Footprint: Designator=C? Old Footprint=RAD-0.3 New Footprint=RAD-0.3
Change Physical Footprint: Designator=D1 Old Footprint=DO-35 New Footprint=DO-35
Change Physical Footprint: Designator=D2 Old Footprint=DO-35 New Footprint=DO-35
Change Physical Footprint: Designator=D3 Old Footprint=LED-0 New Footprint=LED-0
Change Physical Footprint: Designator=D4 Old Footprint=LED-0 New Footprint=LED-0
Change Physical Footprint: Designator=D5 Old Footprint=LED-0 New Footprint=LED-0
Change Physical Footprint: Designator=D6 Old Footprint=DO-41 New Footprint=DO-41
Change Physical Footprint: Designator=D? Old Footprint=LED-0 New Footprint=LED-0
Change Physical Footprint: Designator=P? Old Footprint=HDR1X2 New Footprint=HDR1X2
Change Physical Footprint: Designator=P? Old Footprint=HDR2X3 New Footprint=HDR2X3
Change Physical Footprint: Designator=Q3 Old Footprint=TO-92A New Footprint=TO-92A
Change Physical Footprint: Designator=Q4 Old Footprint=TO-92A New Footprint=TO-92A
Change Physical Footprint: Designator=R1 Old Footprint=AXIAL-0.3 New Footprint=AXIAL-0.3
Change Physical Footprint: Designator=R2 Old Footprint=AXIAL-0.3 New Footprint=AXIAL-0.3
Change Physical Footprint: Designator=R4 Old Footprint=AXIAL-0.3 New Footprint=AXIAL-0.3
Change Physical Footprint: Designator=R5 Old Footprint=AXIAL-0.3 New Footprint=AXIAL-0.3
Change Physical Footprint: Designator=R6 Old Footprint=AXIAL-0.3 New Footprint=AXIAL-0.3
Change Physical Footprint: Designator=R7 Old Footprint=AXIAL-0.3 New Footprint=AXIAL-0.3
Change Physical Footprint: Designator=R9 Old Footprint=AXIAL-0.3 New Footprint=AXIAL-0.3
Change Physical Footprint: Designator=R11 Old Footprint=AXIAL-0.3 New Footprint=AXIAL-0.3
Change Physical Footprint: Designator=R12 Old Footprint=AXIAL-0.3 New Footprint=AXIAL-0.3
Change Physical Footprint: Designator=R13 Old Footprint=AXIAL-0.3 New Footprint=AXIAL-0.3
Change Physical Footprint: Designator=R14 Old Footprint=AXIAL-0.3 New Footprint=AXIAL-0.3
Change Physical Footprint: Designator=R15 Old Footprint=AXIAL-0.3 New Footprint=AXIAL-0.3
Change Physical Footprint: Designator=R16 Old Footprint=AXIAL-0.3 New Footprint=AXIAL-0.3
Change Physical Footprint: Designator=R17 Old Footprint=AXIAL-0.3 New Footprint=AXIAL-0.3
Change Physical Footprint: Designator=R18 Old Footprint=AXIAL-0.3 New Footprint=AXIAL-0.3
Change Physical Footprint: Designator=R19 Old Footprint=AXIAL-0.3 New Footprint=AXIAL-0.3
Change Physical Footprint: Designator=R20 Old Footprint=AXIAL-0.3 New Footprint=AXIAL-0.3
Change Physical Footprint: Designator=R21 Old Footprint=AXIAL-0.3 New Footprint=AXIAL-0.3
Change Physical Footprint: Designator=R22 Old Footprint=AXIAL-0.3 New Footprint=AXIAL-0.3
Change Physical Footprint: Designator=R23 Old Footprint=AXIAL-0.3 New Footprint=AXIAL-0.3
Change Physical Footprint: Designator=R24 Old Footprint=AXIAL-0.3 New Footprint=AXIAL-0.3
Change Physical Footprint: Designator=R25 Old Footprint=AXIAL-0.3 New Footprint=AXIAL-0.3
Change Physical Footprint: Designator=R26 Old Footprint=AXIAL-0.3 New Footprint=AXIAL-0.3
Change Physical Footprint: Designator=R? Old Footprint=AXIAL-0.3 New Footprint=AXIAL-0.3
Change Physical Footprint: Designator=R? Old Footprint=AXIAL-0.3 New Footprint=AXIAL-0.3
Change Physical Footprint: Designator=R? Old Footprint=AXIAL-0.3 New Footprint=AXIAL-0.3
Change Physical Footprint: Designator=R? Old Footprint=AXIAL-0.3 New Footprint=AXIAL-0.3
Change Physical Footprint: Designator=S1 Old Footprint=SPDT Toggle New Footprint=SPDT Toggle
Change Physical Footprint: Designator=S? Old Footprint=SPDT Toggle New Footprint=SPDT Toggle
Change Physical Footprint: Designator=U1 Old Footprint=751-07_N New Footprint=751-07_N
Change Physical Footprint: Designator=U2 Old Footprint=751-07_N New Footprint=751-07_N
Change Physical Footprint: Designator=U3 Old Footprint=DIP-4 New Footprint=DIP-4
Change Physical Footprint: Designator=U4 Old Footprint=32A_N New Footprint=32A_N
Change Physical Footprint: Designator=U5 Old Footprint=PK03 New Footprint=PK03
Change Physical Footprint: Designator=VR1 Old Footprint=Pot-16mm New Footprint=Pot-16mm
Change Physical Footprint: Designator=VR2 Old Footprint=Pot-16mm New Footprint=Pot-16mm
Change Physical Footprint: Designator=VR3 Old Footprint=Pot-16mm New Footprint=Pot-16mm
Change Physical Footprint: Designator=VR4 Old Footprint=Pot-16mm New Footprint=Pot-16mm
Change Physical Footprint: Designator=VR? Old Footprint=Pot-16mm New Footprint=Pot-16mm
