Removed Pin From Net: NetName=NetC26_2 Pin=U4-24
Removed Pin From Net: NetName=BYPASS Pin=U4-25
Removed Pin From Net: NetName=NetD4_1 Pin=V2-1
Change Component Footprint: Designator=C24 Old Footprint=100uF CAP 2.5mm New Footprint=CAP 10uF
Change Component Footprint: Designator=D4 Old Footprint=LED-0 New Footprint=LED5MM
Change Component Comment : Designator=C24 Old Comment=CAP ELEC 100uF New Comment=CAP ELEC 10uF
Change Component Comment : Designator=D4 Old Comment=LED0 New Comment=LED5MM
Change Component Designator: OldDesignator=S? NewDesignator=S2
Change component parameters: Designator = "C24"; Footprint = "CAP 10uF"; UniqueID = "\QOQWAJXY\KKKHCWLQ"
Change component parameters. Clean all parameters for all variants
Change component parameters (AddParameter): Name = "Height"; Value = "11mm"; VariantName = "[No Variations]"
Change component parameters (AddParameter): Name = "Manufacturer"; Value = "Nichicon"; VariantName = "[No Variations]"
Change component parameters (AddParameter): Name = "MPN"; Value = "USR1E100MDD1TE"; VariantName = "[No Variations]"
Change component parameters (AddParameter): Name = "Value"; Value = "10uF"; VariantName = "[No Variations]"
Change component parameters (AddParameter): Name = "Voltage Rating"; Value = "25V"; VariantName = "[No Variations]"
Change component parameters: Designator = "D4"; Footprint = "LED5MM"; UniqueID = "\FTSRQVED\KPWAEWNF"
Change component parameters. Clean all parameters for all variants
Added Component: Designator=R38(ERA-0805)
Add component. Clean all parameters for all variants
Add component (AddParameter): Name = "Code_IPC"; Value = "2012 [0805]"; VariantName = "[No Variations]"
Add component (AddParameter): Name = "ComponentLink1Description"; Value = "Manufacturer Link"; VariantName = "[No Variations]"
Add component (AddParameter): Name = "ComponentLink1URL"; Value = "http://www.panasonic.com/industrial/components/resistive_products.htm"; VariantName = "[No Variations]"
Add component (AddParameter): Name = "ComponentLink2Description"; Value = "Datasheet"; VariantName = "[No Variations]"
Add component (AddParameter): Name = "ComponentLink2URL"; Value = "http://www.panasonic.com/industrial/components/pdf/AOF0000CE1.pdf"; VariantName = "[No Variations]"
Add component (AddParameter): Name = "LatestRevisionDate"; Value = "19-Mar-2004"; VariantName = "[No Variations]"
Add component (AddParameter): Name = "LatestRevisionNote"; Value = "Silkscreen size reduced."; VariantName = "[No Variations]"
Add component (AddParameter): Name = "Note"; Value = "If flow soldering, adjust pad width of PCB Footprint to 0.7 - 0.8 times the width of the resistor."; VariantName = "[No Variations]"
Add component (AddParameter): Name = "PackageDocument"; Value = "Mar-2003"; VariantName = "[No Variations]"
Add component (AddParameter): Name = "PackageReference"; Value = "ERA-0805"; VariantName = "[No Variations]"
Add component (AddParameter): Name = "Published"; Value = "17-Dec-2003"; VariantName = "[No Variations]"
Add component (AddParameter): Name = "Publisher"; Value = "Altium Limited"; VariantName = "[No Variations]"
Added Component: Designator=R39(ERA-0805)
Add component. Clean all parameters for all variants
Add component (AddParameter): Name = "Code_IPC"; Value = "2012 [0805]"; VariantName = "[No Variations]"
Add component (AddParameter): Name = "ComponentLink1Description"; Value = "Manufacturer Link"; VariantName = "[No Variations]"
Add component (AddParameter): Name = "ComponentLink1URL"; Value = "http://www.panasonic.com/industrial/components/resistive_products.htm"; VariantName = "[No Variations]"
Add component (AddParameter): Name = "ComponentLink2Description"; Value = "Datasheet"; VariantName = "[No Variations]"
Add component (AddParameter): Name = "ComponentLink2URL"; Value = "http://www.panasonic.com/industrial/components/pdf/AOF0000CE1.pdf"; VariantName = "[No Variations]"
Add component (AddParameter): Name = "LatestRevisionDate"; Value = "19-Mar-2004"; VariantName = "[No Variations]"
Add component (AddParameter): Name = "LatestRevisionNote"; Value = "Silkscreen size reduced."; VariantName = "[No Variations]"
Add component (AddParameter): Name = "Note"; Value = "If flow soldering, adjust pad width of PCB Footprint to 0.7 - 0.8 times the width of the resistor."; VariantName = "[No Variations]"
Add component (AddParameter): Name = "PackageDocument"; Value = "Mar-2003"; VariantName = "[No Variations]"
Add component (AddParameter): Name = "PackageReference"; Value = "ERA-0805"; VariantName = "[No Variations]"
Add component (AddParameter): Name = "Published"; Value = "17-Dec-2003"; VariantName = "[No Variations]"
Add component (AddParameter): Name = "Publisher"; Value = "Altium Limited"; VariantName = "[No Variations]"
Added Component: Designator=S4(SPDT Toggle)
Add component. Clean all parameters for all variants
Added Pin To Net: NetName=NetD4_1 Pin=Q4-3
Added Pin To Net: NetName=+5 Pin=R38-2
Added Pin To Net: NetName=DGND Pin=R39-1
Added Pin To Net: NetName=BYPASS Pin=U4-24
Added Pin To Net: NetName=NetC26_2 Pin=U4-25
Added Pin To Net: NetName=ENV_MODE Pin=S4-2
Added Pin To Net: NetName=ENV_MODE Pin=U4-32
Added Net: Name=ENV_MODE
Added Pin To Net: NetName=NetD4_0 Pin=D4-0
Added Pin To Net: NetName=NetD4_0 Pin=V2-1
Added Net: Name=NetD4_0
Added Pin To Net: NetName=NetR38_1 Pin=R38-1
Added Pin To Net: NetName=NetR38_1 Pin=S4-3
Added Net: Name=NetR38_1
Added Pin To Net: NetName=NetR39_2 Pin=R39-2
Added Pin To Net: NetName=NetR39_2 Pin=S4-1
Added Net: Name=NetR39_2
Added Member To Class: ClassName=U_CONTROLS Member=Component R38 22k
Added Member To Class: ClassName=U_CONTROLS Member=Component R39 22k
Added Member To Class: ClassName=U_CONTROLS Member=Component S1 SPDT Toggle
Added Member To Class: ClassName=U_CONTROLS Member=Component S4 SPDT Toggle
