Removed Pin From Net: NetName=EXP_GND Pin=VR3-1
Removed Pin From Net: NetName=NetJ1_2 Pin=VR3-2
Removed Pin From Net: NetName=NetJ1_2 Pin=VR3-2
Removed Pin From Net: NetName=EXP_5V Pin=VR3-3
Removed Pin From Net: NetName=EXP_5V Pin=VR4-1
Removed Pin From Net: NetName=NetJ3_2 Pin=VR4-2
Removed Pin From Net: NetName=EXP_GND Pin=VR4-3
Removed Pin From Net: NetName=NetC2_1 Pin=VR5-1
Removed Pin From Net: NetName=NetS3_7 Pin=VR5-2
Removed Pin From Net: NetName=AGND Pin=VR5-3
Removed Pin From Net: NetName=EXP_5V Pin=VR6-1
Removed Pin From Net: NetName=EXP_GND Pin=VR6-3
Removed Pin From Net: NetName=NetR30_2 Pin=VR11-3
Removed Member From Class: ClassName=U_CONTROLS Member=VR3
Removed Member From Class: ClassName=U_Analog Member=VR5
Change Component Footprint: Designator=VR4 Old Footprint=Pot-9mm New Footprint=Pot-16mm
Change Component Footprint: Designator=VR5 Old Footprint=Pot-9mm New Footprint=Pot-16mm
Change Component Footprint: Designator=VR6 Old Footprint=Pot-9mm New Footprint=Pot-16mm
Change Component Footprint: Designator=VR11 Old Footprint=Pot-9mm New Footprint=Pot-16mm
Change Component Comment : Designator=VR4 Old Comment=Pot-9mm New Comment=Pot-16mm
Change Component Comment : Designator=VR5 Old Comment=Pot-9mm New Comment=Pot-16mm
Change Component Comment : Designator=VR6 Old Comment=Pot-9mm New Comment=Pot-16mm
Change Component Comment : Designator=VR11 Old Comment=Pot-9mm New Comment=Pot-16mm
Change component parameters: Designator = "VR2"; Footprint = "Pot-16mm"; UniqueID = "\JTAEWBRM\KSDFETLQ"
Change component parameters. Clean all parameters for all variants
Change component parameters (AddParameter): Name = "Value"; Value = "B10k"; VariantName = "[No Variations]"
Change component parameters: Designator = "VR3"; Footprint = "Pot-16mm"; UniqueID = "\BWGBTYCB\UPBPUCRW"
Change component parameters. Clean all parameters for all variants
Change component parameters (AddParameter): Name = "Value"; Value = "A1M"; VariantName = "[No Variations]"
Change component parameters: Designator = "VR4"; Footprint = "Pot-16mm"; UniqueID = "\JTAEWBRM\CAABMGSI"
Change component parameters. Clean all parameters for all variants
Change component parameters (AddParameter): Name = "Value"; Value = "B10k"; VariantName = "[No Variations]"
Change component parameters: Designator = "VR5"; Footprint = "Pot-16mm"; UniqueID = "\JTAEWBRM\LROTAAFI"
Change component parameters. Clean all parameters for all variants
Change component parameters (AddParameter): Name = "Value"; Value = "B10k"; VariantName = "[No Variations]"
Change component parameters: Designator = "VR6"; Footprint = "Pot-16mm"; UniqueID = "\JTAEWBRM\HSJGGYKO"
Change component parameters. Clean all parameters for all variants
Change component parameters (AddParameter): Name = "Value"; Value = "B10k"; VariantName = "[No Variations]"
Added Pin To Net: NetName=AGND Pin=VR3-1
Added Pin To Net: NetName=NetS3_7 Pin=VR3-2
Added Pin To Net: NetName=NetS3_7 Pin=VR3-2
Added Pin To Net: NetName=NetC2_1 Pin=VR3-3
Added Pin To Net: NetName=EXP_GND Pin=VR4-1
Added Pin To Net: NetName=NetJ1_2 Pin=VR4-2
Added Pin To Net: NetName=NetJ1_2 Pin=VR4-2
Added Pin To Net: NetName=EXP_5V Pin=VR4-3
Added Pin To Net: NetName=EXP_GND Pin=VR5-1
Added Pin To Net: NetName=NetJ3_2 Pin=VR5-2
Added Pin To Net: NetName=NetJ3_2 Pin=VR5-2
Added Pin To Net: NetName=EXP_5V Pin=VR5-3
Added Pin To Net: NetName=EXP_GND Pin=VR6-1
Added Pin To Net: NetName=EXP_5V Pin=VR6-3
Added Pin To Net: NetName=NetR30_2 Pin=VR11-1
Added Member To Class: ClassName=U_Analog Member=Component VR3 Pot-16mm
Added Member To Class: ClassName=U_CONTROLS Member=Component VR5 Pot-16mm
