Removed Member From Class: ClassName=U_MCU Member=C13
Removed Member From Class: ClassName=U_MCU Member=C14
Removed Member From Class: ClassName=U_MCU Member=R8
Removed Member From Class: ClassName=U_MCU Member=R10
Added Component: Designator=*(DIP-14)
Add component. Clean all parameters for all variants
Added Pin To Net: NetName=+5 Pin=*-1
Added Pin To Net: NetName=TAP_IN Pin=*-4
Added Pin To Net: NetName=DGND Pin=*-14
Added Pin To Net: NetName=+5 Pin=C16-2
Added Pin To Net: NetName=+5 Pin=C17-2
Added Pin To Net: NetName=9V_IN Pin=C18-2
Added Pin To Net: NetName=AGND Pin=C21-2
Added Pin To Net: NetName=DGND Pin=C24-2
Added Pin To Net: NetName=Net*_5 Pin=*-5
Added Pin To Net: NetName=Net*_5 Pin=R19-1
Added Net: Name=Net*_5
Added Pin To Net: NetName=Net*_9 Pin=*-9
Added Pin To Net: NetName=Net*_9 Pin=C11-2
Added Pin To Net: NetName=Net*_9 Pin=R24-1
Added Net: Name=Net*_9
Added Pin To Net: NetName=Net*_10 Pin=*-10
Added Pin To Net: NetName=Net*_10 Pin=C12-2
Added Pin To Net: NetName=Net*_10 Pin=R23-1
Added Net: Name=Net*_10
Added Pin To Net: NetName=Net*_11 Pin=*-11
Added Pin To Net: NetName=Net*_11 Pin=C13-2
Added Pin To Net: NetName=Net*_11 Pin=R21-1
Added Net: Name=Net*_11
Added Pin To Net: NetName=Net*_12 Pin=*-12
Added Pin To Net: NetName=Net*_12 Pin=C14-2
Added Pin To Net: NetName=Net*_12 Pin=R18-1
Added Net: Name=Net*_12
Added Pin To Net: NetName=Net*_13 Pin=*-13
Added Pin To Net: NetName=Net*_13 Pin=C15-2
Added Pin To Net: NetName=Net*_13 Pin=R17-1
Added Net: Name=Net*_13
Added Member To Class: ClassName=U_TAPLFO Member=Component * TAPLFO 3C
