Removed Pin From Net: NetName=NetC1_1 Pin=U1-1
Removed Pin From Net: NetName=NetC1_2 Pin=U1-2
Removed Pin From Net: NetName=Vref Pin=U1-3
Removed Pin From Net: NetName=AGND Pin=U1-4
Removed Pin From Net: NetName=Vref Pin=U1-5
Removed Pin From Net: NetName=NetR4_2 Pin=U1-6
Removed Pin From Net: NetName=NetC2_2 Pin=U1-7
Removed Pin From Net: NetName=+9V Pin=U1-8
Removed Pin From Net: NetName=NetC4_2 Pin=U2-1
Removed Pin From Net: NetName=NetC4_2 Pin=U2-2
Removed Pin From Net: NetName=NetC3_2 Pin=U2-3
Removed Pin From Net: NetName=AGND Pin=U2-4
Removed Pin From Net: NetName=Vref Pin=U2-5
Removed Pin From Net: NetName=NetR5_2 Pin=U2-6
Removed Pin From Net: NetName=NetR5_1 Pin=U2-7
Removed Pin From Net: NetName=+9V Pin=U2-8
Added Component: Designator=U1(626-05)
Add component. Clean all parameters for all variants
Add component (AddParameter): Name = "ComponentLink1Description"; Value = "Manufacturer Link"; VariantName = "[No Variations]"
Add component (AddParameter): Name = "ComponentLink1URL"; Value = "http://www.onsemi.com/"; VariantName = "[No Variations]"
Add component (AddParameter): Name = "ComponentLink2Description"; Value = "Datasheet"; VariantName = "[No Variations]"
Add component (AddParameter): Name = "ComponentLink2URL"; Value = "http://www.onsemi.com/pub/Collateral/LM833-D.PDF"; VariantName = "[No Variations]"
Add component (AddParameter): Name = "DatasheetVersion"; Value = "Jan-2002, Rev. 2"; VariantName = "[No Variations]"
Add component (AddParameter): Name = "PackageDescription"; Value = "DIP; 8 Leads; Row Spacing 7.62 mm; Pitch 2.54 mm"; VariantName = "[No Variations]"
Add component (AddParameter): Name = "PackageReference"; Value = "626-05"; VariantName = "[No Variations]"
Add component (AddParameter): Name = "PackageVersion"; Value = "1998"; VariantName = "[No Variations]"
Add component (AddParameter): Name = "Published"; Value = "28-Feb-2003"; VariantName = "[No Variations]"
Add component (AddParameter): Name = "Publisher"; Value = "Altium Limited"; VariantName = "[No Variations]"
Added Component: Designator=U2(626-05)
Add component. Clean all parameters for all variants
Add component (AddParameter): Name = "ComponentLink1Description"; Value = "Manufacturer Link"; VariantName = "[No Variations]"
Add component (AddParameter): Name = "ComponentLink1URL"; Value = "http://www.onsemi.com/"; VariantName = "[No Variations]"
Add component (AddParameter): Name = "ComponentLink2Description"; Value = "Datasheet"; VariantName = "[No Variations]"
Add component (AddParameter): Name = "ComponentLink2URL"; Value = "http://www.onsemi.com/pub/Collateral/LM833-D.PDF"; VariantName = "[No Variations]"
Add component (AddParameter): Name = "DatasheetVersion"; Value = "Jan-2002, Rev. 2"; VariantName = "[No Variations]"
Add component (AddParameter): Name = "PackageDescription"; Value = "DIP; 8 Leads; Row Spacing 7.62 mm; Pitch 2.54 mm"; VariantName = "[No Variations]"
Add component (AddParameter): Name = "PackageReference"; Value = "626-05"; VariantName = "[No Variations]"
Add component (AddParameter): Name = "PackageVersion"; Value = "1998"; VariantName = "[No Variations]"
Add component (AddParameter): Name = "Published"; Value = "28-Feb-2003"; VariantName = "[No Variations]"
Add component (AddParameter): Name = "Publisher"; Value = "Altium Limited"; VariantName = "[No Variations]"
Added Pin To Net: NetName=NetC1_1 Pin=U1-1
Added Pin To Net: NetName=NetC1_2 Pin=U1-2
Added Pin To Net: NetName=Vref Pin=U1-3
Added Pin To Net: NetName=AGND Pin=U1-4
Added Pin To Net: NetName=Vref Pin=U1-5
Added Pin To Net: NetName=NetR4_2 Pin=U1-6
Added Pin To Net: NetName=NetC2_2 Pin=U1-7
Added Pin To Net: NetName=+9V Pin=U1-8
Added Pin To Net: NetName=NetC4_2 Pin=U2-1
Added Pin To Net: NetName=NetC4_2 Pin=U2-2
Added Pin To Net: NetName=NetC3_2 Pin=U2-3
Added Pin To Net: NetName=AGND Pin=U2-4
Added Pin To Net: NetName=Vref Pin=U2-5
Added Pin To Net: NetName=NetR5_2 Pin=U2-6
Added Pin To Net: NetName=NetR5_1 Pin=U2-7
Added Pin To Net: NetName=+9V Pin=U2-8
Added Member To Class: ClassName=U_CONTROLS Member=Component EXP1 Wire Pad
