Replace Part * TAPLFO 3C in E:\GitHub\Tremolo\Altium\TAPLFO.SchDoc with TAPLFO 3C from Parts.SchLib
Replace Part C10 C0805 in E:\GitHub\Tremolo\Altium\TAPLFO.SchDoc with C0805 from KEMET Chip Capacitor.IntLib
Replace Part C11 C0805 in E:\GitHub\Tremolo\Altium\TAPLFO.SchDoc with C0805 from KEMET Chip Capacitor.IntLib
Replace Part C12 C0805 in E:\GitHub\Tremolo\Altium\TAPLFO.SchDoc with C0805 from KEMET Chip Capacitor.IntLib
Replace Part C13 C0805 in E:\GitHub\Tremolo\Altium\TAPLFO.SchDoc with C0805 from KEMET Chip Capacitor.IntLib
Replace Part C14 C0805 in E:\GitHub\Tremolo\Altium\TAPLFO.SchDoc with C0805 from KEMET Chip Capacitor.IntLib
Replace Part C15 C0805 in E:\GitHub\Tremolo\Altium\TAPLFO.SchDoc with C0805 from KEMET Chip Capacitor.IntLib
Replace Part C16 CAP ELEC 100uF in E:\GitHub\Tremolo\Altium\TAPLFO.SchDoc with CAP ELEC 100uF from Parts.SchLib
Replace Part C17 CAP ELEC 100uF in E:\GitHub\Tremolo\Altium\TAPLFO.SchDoc with CAP ELEC 100uF from Parts.SchLib
Replace Part D4 LED0 in E:\GitHub\Tremolo\Altium\TAPLFO.SchDoc with LED0 from Miscellaneous Devices.IntLib
Replace Part Q3 2N3906 in E:\GitHub\Tremolo\Altium\TAPLFO.SchDoc with 2N3906 from Miscellaneous Devices.IntLib
Replace Part Q4 2N3904 in E:\GitHub\Tremolo\Altium\TAPLFO.SchDoc with 2N3904 from Miscellaneous Devices.IntLib
Replace Part R17 ERAS in E:\GitHub\Tremolo\Altium\TAPLFO.SchDoc with ERAS from Panasonic Resistor.IntLib
Replace Part R18 ERAS in E:\GitHub\Tremolo\Altium\TAPLFO.SchDoc with ERAS from Panasonic Resistor.IntLib
Replace Part R19 Res1 in E:\GitHub\Tremolo\Altium\TAPLFO.SchDoc with Res1 from Miscellaneous Devices.IntLib
Replace Part R20 Res1 in E:\GitHub\Tremolo\Altium\TAPLFO.SchDoc with Res1 from Miscellaneous Devices.IntLib
Replace Part R21 ERAS in E:\GitHub\Tremolo\Altium\TAPLFO.SchDoc with ERAS from Panasonic Resistor.IntLib
Replace Part R22 Res1 in E:\GitHub\Tremolo\Altium\TAPLFO.SchDoc with Res1 from Miscellaneous Devices.IntLib
Replace Part R23 ERAS in E:\GitHub\Tremolo\Altium\TAPLFO.SchDoc with ERAS from Panasonic Resistor.IntLib
Replace Part R24 ERAS in E:\GitHub\Tremolo\Altium\TAPLFO.SchDoc with ERAS from Panasonic Resistor.IntLib
Replace Part V1 Vactrol in E:\GitHub\Tremolo\Altium\TAPLFO.SchDoc with Vactrol from Parts.SchLib
Replace Part V2 Vactrol in E:\GitHub\Tremolo\Altium\TAPLFO.SchDoc with Vactrol from Parts.SchLib
Replace Part VR7 Trimpot - Bourns in E:\GitHub\Tremolo\Altium\TAPLFO.SchDoc with Trimpot - Bourns from Parts.SchLib
Replace Part VR8 Trimpot - Bourns in E:\GitHub\Tremolo\Altium\TAPLFO.SchDoc with Trimpot - Bourns from Parts.SchLib
Replace Part VR9 Trimpot - Bourns in E:\GitHub\Tremolo\Altium\TAPLFO.SchDoc with Trimpot - Bourns from Parts.SchLib
Replace Part VR10 Trimpot - Bourns in E:\GitHub\Tremolo\Altium\TAPLFO.SchDoc with Trimpot - Bourns from Parts.SchLib
