[1226/113642:WARNING:dns_config_service_win.cc(665)] Failed to read DnsConfig.
[1226/113647:WARNING:dns_config_service_win.cc(665)] Failed to read DnsConfig.
[1226/113652:WARNING:dns_config_service_win.cc(665)] Failed to read DnsConfig.
[1226/113657:WARNING:dns_config_service_win.cc(665)] Failed to read DnsConfig.
[1226/113702:WARNING:dns_config_service_win.cc(665)] Failed to read DnsConfig.
[1226/113707:WARNING:dns_config_service_win.cc(665)] Failed to read DnsConfig.
[1226/113712:WARNING:dns_config_service_win.cc(665)] Failed to read DnsConfig.
[1226/113717:WARNING:dns_config_service_win.cc(665)] Failed to read DnsConfig.
[1226/113722:WARNING:dns_config_service_win.cc(665)] Failed to read DnsConfig.
[1226/113727:WARNING:dns_config_service_win.cc(665)] Failed to read DnsConfig.
[1226/113732:WARNING:dns_config_service_win.cc(665)] Failed to read DnsConfig.
[1226/113737:WARNING:dns_config_service_win.cc(665)] Failed to read DnsConfig.
[1226/113742:WARNING:dns_config_service_win.cc(665)] Failed to read DnsConfig.
[1226/113747:WARNING:dns_config_service_win.cc(665)] Failed to read DnsConfig.
[1226/113752:WARNING:dns_config_service_win.cc(665)] Failed to read DnsConfig.
[1226/113757:WARNING:dns_config_service_win.cc(665)] Failed to read DnsConfig.
[1226/113802:WARNING:dns_config_service_win.cc(665)] Failed to read DnsConfig.
[1226/113807:WARNING:dns_config_service_win.cc(665)] Failed to read DnsConfig.
[1226/113812:WARNING:dns_config_service_win.cc(665)] Failed to read DnsConfig.
[1226/113817:WARNING:dns_config_service_win.cc(665)] Failed to read DnsConfig.
[1226/113822:WARNING:dns_config_service_win.cc(665)] Failed to read DnsConfig.
[1226/113827:WARNING:dns_config_service_win.cc(665)] Failed to read DnsConfig.
[1226/113832:WARNING:dns_config_service_win.cc(665)] Failed to read DnsConfig.
[1226/113837:WARNING:dns_config_service_win.cc(665)] Failed to read DnsConfig.
[1226/113842:WARNING:dns_config_service_win.cc(665)] Failed to read DnsConfig.
[1226/113847:WARNING:dns_config_service_win.cc(665)] Failed to read DnsConfig.
[1226/113852:WARNING:dns_config_service_win.cc(665)] Failed to read DnsConfig.
[1226/113857:WARNING:dns_config_service_win.cc(665)] Failed to read DnsConfig.
[1226/113902:WARNING:dns_config_service_win.cc(665)] Failed to read DnsConfig.
[1226/113907:WARNING:dns_config_service_win.cc(665)] Failed to read DnsConfig.
[1226/113912:WARNING:dns_config_service_win.cc(665)] Failed to read DnsConfig.
[1226/113917:WARNING:dns_config_service_win.cc(665)] Failed to read DnsConfig.
[1226/113922:WARNING:dns_config_service_win.cc(665)] Failed to read DnsConfig.
[1226/113927:WARNING:dns_config_service_win.cc(665)] Failed to read DnsConfig.
[1226/113932:WARNING:dns_config_service_win.cc(665)] Failed to read DnsConfig.
[1226/113937:WARNING:dns_config_service_win.cc(665)] Failed to read DnsConfig.
[1226/113942:WARNING:dns_config_service_win.cc(665)] Failed to read DnsConfig.
[1226/113947:WARNING:dns_config_service_win.cc(665)] Failed to read DnsConfig.
[1226/113952:WARNING:dns_config_service_win.cc(665)] Failed to read DnsConfig.
[1226/113957:WARNING:dns_config_service_win.cc(665)] Failed to read DnsConfig.
[1226/114002:WARNING:dns_config_service_win.cc(665)] Failed to read DnsConfig.
[1226/114007:WARNING:dns_config_service_win.cc(665)] Failed to read DnsConfig.
[1226/114012:WARNING:dns_config_service_win.cc(665)] Failed to read DnsConfig.
[1226/114017:WARNING:dns_config_service_win.cc(665)] Failed to read DnsConfig.
[1226/114022:WARNING:dns_config_service_win.cc(665)] Failed to read DnsConfig.
[1226/114027:WARNING:dns_config_service_win.cc(665)] Failed to read DnsConfig.
[1226/114032:WARNING:dns_config_service_win.cc(665)] Failed to read DnsConfig.
[1226/114037:WARNING:dns_config_service_win.cc(665)] Failed to read DnsConfig.
[1226/114042:WARNING:dns_config_service_win.cc(665)] Failed to read DnsConfig.
[1226/114047:WARNING:dns_config_service_win.cc(665)] Failed to read DnsConfig.
[1226/114052:WARNING:dns_config_service_win.cc(665)] Failed to read DnsConfig.
[1226/114057:WARNING:dns_config_service_win.cc(665)] Failed to read DnsConfig.
[1226/114102:WARNING:dns_config_service_win.cc(665)] Failed to read DnsConfig.
[1226/114107:WARNING:dns_config_service_win.cc(665)] Failed to read DnsConfig.
[1226/114112:WARNING:dns_config_service_win.cc(665)] Failed to read DnsConfig.
[1226/114117:WARNING:dns_config_service_win.cc(665)] Failed to read DnsConfig.
[1226/114122:WARNING:dns_config_service_win.cc(665)] Failed to read DnsConfig.
[1226/114127:WARNING:dns_config_service_win.cc(665)] Failed to read DnsConfig.
[1226/114132:WARNING:dns_config_service_win.cc(665)] Failed to read DnsConfig.
[1226/114137:WARNING:dns_config_service_win.cc(665)] Failed to read DnsConfig.
[1226/114142:WARNING:dns_config_service_win.cc(665)] Failed to read DnsConfig.
[1226/114147:WARNING:dns_config_service_win.cc(665)] Failed to read DnsConfig.
[1226/114152:WARNING:dns_config_service_win.cc(665)] Failed to read DnsConfig.
[1226/114157:WARNING:dns_config_service_win.cc(665)] Failed to read DnsConfig.
[1226/114202:WARNING:dns_config_service_win.cc(665)] Failed to read DnsConfig.
[1226/114207:WARNING:dns_config_service_win.cc(665)] Failed to read DnsConfig.
[1226/114212:WARNING:dns_config_service_win.cc(665)] Failed to read DnsConfig.
[1226/114217:WARNING:dns_config_service_win.cc(665)] Failed to read DnsConfig.
[1226/114222:WARNING:dns_config_service_win.cc(665)] Failed to read DnsConfig.
[1226/114227:WARNING:dns_config_service_win.cc(665)] Failed to read DnsConfig.
[1226/114232:WARNING:dns_config_service_win.cc(665)] Failed to read DnsConfig.
[1226/114237:WARNING:dns_config_service_win.cc(665)] Failed to read DnsConfig.
[1226/114242:WARNING:dns_config_service_win.cc(665)] Failed to read DnsConfig.
[1226/114247:WARNING:dns_config_service_win.cc(665)] Failed to read DnsConfig.
[1226/114252:WARNING:dns_config_service_win.cc(665)] Failed to read DnsConfig.
[1226/114257:WARNING:dns_config_service_win.cc(665)] Failed to read DnsConfig.
[1226/114302:WARNING:dns_config_service_win.cc(665)] Failed to read DnsConfig.
[1226/114307:WARNING:dns_config_service_win.cc(665)] Failed to read DnsConfig.
[1226/114312:WARNING:dns_config_service_win.cc(665)] Failed to read DnsConfig.
[1226/114317:WARNING:dns_config_service_win.cc(665)] Failed to read DnsConfig.
[1226/114322:WARNING:dns_config_service_win.cc(665)] Failed to read DnsConfig.
[1226/114327:WARNING:dns_config_service_win.cc(665)] Failed to read DnsConfig.
[1226/114332:WARNING:dns_config_service_win.cc(665)] Failed to read DnsConfig.
[1226/114337:WARNING:dns_config_service_win.cc(665)] Failed to read DnsConfig.
[1226/114342:WARNING:dns_config_service_win.cc(665)] Failed to read DnsConfig.
[1226/114347:WARNING:dns_config_service_win.cc(665)] Failed to read DnsConfig.
[1226/114352:WARNING:dns_config_service_win.cc(665)] Failed to read DnsConfig.
[1226/114357:WARNING:dns_config_service_win.cc(665)] Failed to read DnsConfig.
[1226/114402:WARNING:dns_config_service_win.cc(665)] Failed to read DnsConfig.
[1226/114407:WARNING:dns_config_service_win.cc(665)] Failed to read DnsConfig.
[1226/114412:WARNING:dns_config_service_win.cc(665)] Failed to read DnsConfig.
[1226/114417:WARNING:dns_config_service_win.cc(665)] Failed to read DnsConfig.
[1226/114422:WARNING:dns_config_service_win.cc(665)] Failed to read DnsConfig.
[1226/114427:WARNING:dns_config_service_win.cc(665)] Failed to read DnsConfig.
[1226/114432:WARNING:dns_config_service_win.cc(665)] Failed to read DnsConfig.
[1226/114437:WARNING:dns_config_service_win.cc(665)] Failed to read DnsConfig.
[1226/114442:WARNING:dns_config_service_win.cc(665)] Failed to read DnsConfig.
[1226/114447:WARNING:dns_config_service_win.cc(665)] Failed to read DnsConfig.
[1226/114452:WARNING:dns_config_service_win.cc(665)] Failed to read DnsConfig.
[1226/114457:WARNING:dns_config_service_win.cc(665)] Failed to read DnsConfig.
[1226/114502:WARNING:dns_config_service_win.cc(665)] Failed to read DnsConfig.
[1226/114507:WARNING:dns_config_service_win.cc(665)] Failed to read DnsConfig.
[1226/114512:WARNING:dns_config_service_win.cc(665)] Failed to read DnsConfig.
[1226/114517:WARNING:dns_config_service_win.cc(665)] Failed to read DnsConfig.
[1226/114522:WARNING:dns_config_service_win.cc(665)] Failed to read DnsConfig.
[1226/114527:WARNING:dns_config_service_win.cc(665)] Failed to read DnsConfig.
[1226/114532:WARNING:dns_config_service_win.cc(665)] Failed to read DnsConfig.
[1226/114537:WARNING:dns_config_service_win.cc(665)] Failed to read DnsConfig.
[1226/114542:WARNING:dns_config_service_win.cc(665)] Failed to read DnsConfig.
[1226/114547:WARNING:dns_config_service_win.cc(665)] Failed to read DnsConfig.
[1226/114552:WARNING:dns_config_service_win.cc(665)] Failed to read DnsConfig.
[1226/114557:WARNING:dns_config_service_win.cc(665)] Failed to read DnsConfig.
[1226/114602:WARNING:dns_config_service_win.cc(665)] Failed to read DnsConfig.
[1226/114607:WARNING:dns_config_service_win.cc(665)] Failed to read DnsConfig.
[1226/114612:WARNING:dns_config_service_win.cc(665)] Failed to read DnsConfig.
[1226/114617:WARNING:dns_config_service_win.cc(665)] Failed to read DnsConfig.
[1226/114622:WARNING:dns_config_service_win.cc(665)] Failed to read DnsConfig.
[1226/114627:WARNING:dns_config_service_win.cc(665)] Failed to read DnsConfig.
[1226/114632:WARNING:dns_config_service_win.cc(665)] Failed to read DnsConfig.
[1226/114637:WARNING:dns_config_service_win.cc(665)] Failed to read DnsConfig.
[1226/114642:WARNING:dns_config_service_win.cc(665)] Failed to read DnsConfig.
[1226/114647:WARNING:dns_config_service_win.cc(665)] Failed to read DnsConfig.
[1226/114652:WARNING:dns_config_service_win.cc(665)] Failed to read DnsConfig.
[1226/114657:WARNING:dns_config_service_win.cc(665)] Failed to read DnsConfig.
[1226/114702:WARNING:dns_config_service_win.cc(665)] Failed to read DnsConfig.
[1226/114707:WARNING:dns_config_service_win.cc(665)] Failed to read DnsConfig.
[1226/114712:WARNING:dns_config_service_win.cc(665)] Failed to read DnsConfig.
[1226/114717:WARNING:dns_config_service_win.cc(665)] Failed to read DnsConfig.
[1226/114722:WARNING:dns_config_service_win.cc(665)] Failed to read DnsConfig.
[1226/114727:WARNING:dns_config_service_win.cc(665)] Failed to read DnsConfig.
[1226/114732:WARNING:dns_config_service_win.cc(665)] Failed to read DnsConfig.
[1226/114737:WARNING:dns_config_service_win.cc(665)] Failed to read DnsConfig.
[1226/114742:WARNING:dns_config_service_win.cc(665)] Failed to read DnsConfig.
[1226/114747:WARNING:dns_config_service_win.cc(665)] Failed to read DnsConfig.
[1226/114752:WARNING:dns_config_service_win.cc(665)] Failed to read DnsConfig.
[1226/114757:WARNING:dns_config_service_win.cc(665)] Failed to read DnsConfig.
[1226/114802:WARNING:dns_config_service_win.cc(665)] Failed to read DnsConfig.
[1226/114807:WARNING:dns_config_service_win.cc(665)] Failed to read DnsConfig.
[1226/114812:WARNING:dns_config_service_win.cc(665)] Failed to read DnsConfig.
[1226/114817:WARNING:dns_config_service_win.cc(665)] Failed to read DnsConfig.
[1226/114822:WARNING:dns_config_service_win.cc(665)] Failed to read DnsConfig.
[1226/114827:WARNING:dns_config_service_win.cc(665)] Failed to read DnsConfig.
[1226/114832:WARNING:dns_config_service_win.cc(665)] Failed to read DnsConfig.
[1226/114837:WARNING:dhgdhfdhgf
ns_config_service_win.cc(665)] Failed to read DnsConfig.
[1226/114842:WARNING:dns_config_service_win.cc(665)] Failed to read DnsConfig.
[1226/114847:WARNING:dns_config_service_win.cc(665)] Failed to read DnsConfig.
[1226/114852:WARNING:dns_config_service_win.cc(665)] Failed to read DnsConfig.
[1226/114857:WARNING:dns_config_service_win.cc(665)] Failed to read DnsConfig.
[1226/114902:WARNING:dns_config_service_win.cc(665)] Failed to read DnsConfig.
[1226/114907:WARNING:dns_config_service_win.cc(665)] Failed to read DnsConfig.
[1226/114912:WARNING:dns_config_service_win.cc(665)] Failed to read DnsConfig.
[1226/114917:WARNING:dns_config_service_win.cc(665)] Failed to read DnsConfig.
[1226/114922:WARNING:dns_config_service_win.cc(665)] Failed to read DnsConfig.
[1226/114927:WARNING:dns_config_service_win.cc(665)] Failed to read DnsConfig.
[1226/114932:WARNING:dns_config_service_win.cc(665)] Failed to read DnsConfig.
[1226/114937:WARNING:dns_config_service_win.cc(665)] Failed to read DnsConfig.
[1226/114942:WARNING:dns_config_service_win.cc(665)] Failed to read DnsConfig.
[1226/114947:WARNING:dns_config_service_win.cc(665)] Failed to read DnsConfig.
[1226/114952:WARNING:dns_config_service_win.cc(665)] Failed to read DnsConfig.
[1226/114957:WARNING:dns_config_service_win.cc(665)] Failed to read DnsConfig.
[1226/115002:WARNING:dns_config_service_win.cc(665)] Failed to read DnsConfig.
[1226/115007:WARNING:dns_config_service_win.cc(665)] Failed to read DnsConfig.
[1226/115012:WARNING:dns_config_service_win.cc(665)] Failed to read DnsConfig.
[1226/115017:WARNING:dns_config_service_win.cc(665)] Failed to read DnsConfig.
[1226/115022:WARNING:dns_config_service_win.cc(665)] Failed to read DnsConfig.
[1226/115027:WARNING:dns_config_service_win.cc(665)] Failed to read DnsConfig.
[1226/115032:WARNING:dns_config_service_win.cc(665)] Failed to read DnsConfig.
[1226/115037:WARNING:dns_config_service_win.cc(665)] Failed to read DnsConfig.
[1226/115042:WARNING:dns_config_service_win.cc(665)] Failed to read DnsConfig.
[1226/115047:WARNING:dns_config_service_win.cc(665)] Failed to read DnsConfig.
[1226/115052:WARNING:dns_config_service_win.cc(665)] Failed to read DnsConfig.
[1226/115057:WARNING:dns_config_service_win.cc(665)] Failed to read DnsConfig.
[1226/115102:WARNING:dns_config_service_win.cc(665)] Failed to read DnsConfig.
[1226/115107:WARNING:dns_config_service_win.cc(665)] Failed to read DnsConfig.
[1226/115112:WARNING:dns_config_service_win.cc(665)] Failed to read DnsConfig.
[1226/115117:WARNING:dns_config_service_win.cc(665)] Failed to read DnsConfig.
[1226/115122:WARNING:dns_config_service_win.cc(665)] Failed to read DnsConfig.
[1226/115127:WARNING:dns_config_service_win.cc(665)] Failed to read DnsConfig.
[1226/115130:WARNING:dns_config_service_win.cc(665)] Failed to read DnsConfig.
[1226/115130:WARNING:dns_config_service_win.cc(665)] Failed to read DnsConfig.
[1226/115130:WARNING:dns_config_service_win.cc(665)] Failed to read DnsConfig.
[1226/132218:WARNING:dns_config_service_win.cc(665)] Failed to read DnsConfig.
[1226/132223:WARNING:dns_config_service_win.cc(665)] Failed to read DnsConfig.
[1226/132228:WARNING:dns_config_service_win.cc(665)] Failed to read DnsConfig.
[1226/132233:WARNING:dns_config_service_win.cc(665)] Failed to read DnsConfig.
[0108/214316:WARNING:dns_config_service_win.cc(665)] Failed to read DnsConfig.
[0108/214320:WARNING:dns_config_service_win.cc(665)] Failed to read DnsConfig.
[0108/214320:WARNING:dns_config_service_win.cc(665)] Failed to read DnsConfig.
[0527/110342:WARNING:dns_config_service_win.cc(665)] Failed to read DnsConfig.
[0527/110347:WARNING:dns_config_service_win.cc(665)] Failed to read DnsConfig.
[0527/110352:WARNING:dns_config_service_win.cc(665)] Failed to read DnsConfig.
[0527/110357:WARNING:dns_config_service_win.cc(665)] Failed to read DnsConfig.
[0527/110402:WARNING:dns_config_service_win.cc(665)] Failed to read DnsConfig.
[0527/110407:WARNING:dns_config_service_win.cc(665)] Failed to read DnsConfig.
[0527/110412:WARNING:dns_config_service_win.cc(665)] Failed to read DnsConfig.
[0527/110417:WARNING:dns_config_service_win.cc(665)] Failed to read DnsConfig.
[0527/110422:WARNING:dns_config_service_win.cc(665)] Failed to read DnsConfig.
[0630/113144:ERROR:tcp_socket_win.cc(335)] bind() returned an error: Only one usage of each socket address (protocol/network address/port) is normally permitted. (0x2740)
[0630/113144:ERROR:devtools_http_handler.cc(229)] Cannot start http server for devtools. Stop devtools.
[0707/082307:WARNING:dns_config_service_win.cc(665)] Failed to read DnsConfig.
[0707/082309:WARNING:dns_config_service_win.cc(665)] Failed to read DnsConfig.
[0707/082312:WARNING:dns_config_service_win.cc(665)] Failed to read DnsConfig.
[0707/082314:WARNING:dns_config_service_win.cc(665)] Failed to read DnsConfig.
[0707/082314:WARNING:dns_config_service_win.cc(665)] Failed to read DnsConfig.
[0707/082317:WARNING:dns_config_service_win.cc(665)] Failed to read DnsConfig.
[0707/082319:WARNING:dns_config_service_win.cc(665)] Failed to read DnsConfig.
[0707/082319:WARNING:dns_config_service_win.cc(665)] Failed to read DnsConfig.
[0707/082322:WARNING:dns_config_service_win.cc(665)] Failed to read DnsConfig.
[0707/082324:WARNING:dns_config_service_win.cc(665)] Failed to read DnsConfig.
[0707/082324:WARNING:dns_config_service_win.cc(665)] Failed to read DnsConfig.
[0707/082327:WARNING:dns_config_service_win.cc(665)] Failed to read DnsConfig.
[0707/082329:WARNING:dns_config_service_win.cc(665)] Failed to read DnsConfig.
[0707/082329:WARNING:dns_config_service_win.cc(665)] Failed to read DnsConfig.
[0707/082332:WARNING:dns_config_service_win.cc(665)] Failed to read DnsConfig.
[0707/082334:WARNING:dns_config_service_win.cc(665)] Failed to read DnsConfig.
[0707/082334:WARNING:dns_config_service_win.cc(665)] Failed to read DnsConfig.
[0707/082337:WARNING:dns_config_service_win.cc(665)] Failed to read DnsConfig.
[0707/082339:WARNING:dns_config_service_win.cc(665)] Failed to read DnsConfig.
[0707/082339:WARNING:dns_config_service_win.cc(665)] Failed to read DnsConfig.
[0707/082342:WARNING:dns_config_service_win.cc(665)] Failed to read DnsConfig.
[0707/082344:WARNING:dns_config_service_win.cc(665)] Failed to read DnsConfig.
[0707/082344:WARNING:dns_config_service_win.cc(665)] Failed to read DnsConfig.
[0707/082347:WARNING:dns_config_service_win.cc(665)] Failed to read DnsConfig.
[0707/082349:WARNING:dns_config_service_win.cc(665)] Failed to read DnsConfig.
[0707/082349:WARNING:dns_config_service_win.cc(665)] Failed to read DnsConfig.
[0707/082352:WARNING:dns_config_service_win.cc(665)] Failed to read DnsConfig.
[0707/082354:WARNING:dns_config_service_win.cc(665)] Failed to read DnsConfig.
[0707/082354:WARNING:dns_config_service_win.cc(665)] Failed to read DnsConfig.
[0707/082357:WARNING:dns_config_service_win.cc(665)] Failed to read DnsConfig.
[0707/082359:WARNING:dns_config_service_win.cc(665)] Failed to read DnsConfig.
[0707/082359:WARNING:dns_config_service_win.cc(665)] Failed to read DnsConfig.
[0707/082402:WARNING:dns_config_service_win.cc(665)] Failed to read DnsConfig.
[0707/082404:WARNING:dns_config_service_win.cc(665)] Failed to read DnsConfig.
[0707/082404:WARNING:dns_config_service_win.cc(665)] Failed to read DnsConfig.
[0707/082406:WARNING:dns_config_service_win.cc(665)] Failed to read DnsConfig.
[0707/082406:WARNING:dns_config_service_win.cc(665)] Failed to read DnsConfig.
[0707/082406:WARNING:dns_config_service_win.cc(665)] Failed to read DnsConfig.
